platforms/android/app/build/outputs/logs/manifest-merger-release-report.txt
-- Merging decision tree log ---
provider#android.support.v4.content.FileProvider
INJECTED from src\main\AndroidManifest.xml:24:9-26:20
	android:grantUriPermissions
		ADDED from src\main\AndroidManifest.xml:24:92-126
	android:authorities
		INJECTED from src\main\AndroidManifest.xml
		ADDED from src\main\AndroidManifest.xml:24:19-66
	android:exported
		ADDED from src\main\AndroidManifest.xml:24:67-91
	android:name
		ADDED from src\main\AndroidManifest.xml:24:127-181
manifest
ADDED from src\main\AndroidManifest.xml:2:1-43:12
INJECTED from src\main\AndroidManifest.xml:2:1-43:12
INJECTED from src\main\AndroidManifest.xml:2:1-43:12
INJECTED from src\main\AndroidManifest.xml:2:1-43:12
MERGED from [:barcodescanner-release-2.1.5:] AndroidManifest.xml:2:1-14:12
MERGED from [com.android.support:support-v4:27.1.1] AndroidManifest.xml:17:1-22:12
MERGED from [:CordovaLib] AndroidManifest.xml:20:1-27:12
MERGED from [com.android.support:support-media-compat:27.1.1] AndroidManifest.xml:17:1-22:12
MERGED from [com.android.support:support-fragment:27.1.1] AndroidManifest.xml:17:1-22:12
MERGED from [com.android.support:support-core-ui:27.1.1] AndroidManifest.xml:17:1-22:12
MERGED from [com.android.support:support-core-utils:27.1.1] AndroidManifest.xml:17:1-22:12
MERGED from [com.android.support:support-compat:27.1.1] AndroidManifest.xml:17:1-22:12
MERGED from [android.arch.lifecycle:runtime:1.1.0] AndroidManifest.xml:17:1-22:12
MERGED from [android.arch.lifecycle:livedata-core:1.1.0] AndroidManifest.xml:17:1-22:12
MERGED from [android.arch.lifecycle:viewmodel:1.1.0] AndroidManifest.xml:17:1-22:12
MERGED from [android.arch.core:runtime:1.1.0] AndroidManifest.xml:17:1-22:12
INJECTED from src\main\AndroidManifest.xml:2:1-43:12
INJECTED from src\main\AndroidManifest.xml:2:1-43:12
INJECTED from src\main\AndroidManifest.xml:2:1-43:12
	package
		ADDED from src\main\AndroidManifest.xml:2:102-132
		INJECTED from src\main\AndroidManifest.xml
		INJECTED from src\main\AndroidManifest.xml
	android:versionName
		ADDED from src\main\AndroidManifest.xml:2:74-101
		INJECTED from src\main\AndroidManifest.xml
		INJECTED from src\main\AndroidManifest.xml
	android:hardwareAccelerated
		ADDED from src\main\AndroidManifest.xml:2:11-45
	xmlns:android
		ADDED from src\main\AndroidManifest.xml:2:133-191
	android:versionCode
		ADDED from src\main\AndroidManifest.xml:2:46-73
		INJECTED from src\main\AndroidManifest.xml
		INJECTED from src\main\AndroidManifest.xml
supports-screens
ADDED from src\main\AndroidManifest.xml:3:5-191
	android:largeScreens
		ADDED from src\main\AndroidManifest.xml:3:49-76
	android:smallScreens
		ADDED from src\main\AndroidManifest.xml:3:132-159
	android:normalScreens
		ADDED from src\main\AndroidManifest.xml:3:77-105
	android:xlargeScreens
		ADDED from src\main\AndroidManifest.xml:3:160-188
	android:resizeable
		ADDED from src\main\AndroidManifest.xml:3:106-131
	android:anyDensity
		ADDED from src\main\AndroidManifest.xml:3:23-48
uses-permission#android.permission.INTERNET
ADDED from src\main\AndroidManifest.xml:4:5-67
	android:name
		ADDED from src\main\AndroidManifest.xml:4:22-64
application
ADDED from src\main\AndroidManifest.xml:5:5-29:19
MERGED from [:barcodescanner-release-2.1.5:] AndroidManifest.xml:11:5-12:19
MERGED from [:barcodescanner-release-2.1.5:] AndroidManifest.xml:11:5-12:19
	android:supportsRtl
		ADDED from src\main\AndroidManifest.xml:5:114-140
	android:label
		ADDED from src\main\AndroidManifest.xml:5:81-113
	android:hardwareAccelerated
		ADDED from src\main\AndroidManifest.xml:5:18-52
	android:icon
		ADDED from src\main\AndroidManifest.xml:5:53-80
activity#com.pbehre.medsearch.MainActivity
ADDED from src\main\AndroidManifest.xml:6:9-23:20
	android:label
		ADDED from src\main\AndroidManifest.xml:6:97-134
	android:launchMode
		ADDED from src\main\AndroidManifest.xml:6:135-165
	android:windowSoftInputMode
		ADDED from src\main\AndroidManifest.xml:6:257-299
	android:configChanges
		ADDED from src\main\AndroidManifest.xml:6:19-96
	android:theme
		ADDED from src\main\AndroidManifest.xml:6:194-256
	android:name
		ADDED from src\main\AndroidManifest.xml:6:166-193
intent-filter#android.intent.action.MAIN+android.intent.category.LAUNCHER
ADDED from src\main\AndroidManifest.xml:7:13-10:29
	android:label
		ADDED from src\main\AndroidManifest.xml:7:28-65
action#android.intent.action.MAIN
ADDED from src\main\AndroidManifest.xml:8:17-69
	android:name
		ADDED from src\main\AndroidManifest.xml:8:25-66
category#android.intent.category.LAUNCHER
ADDED from src\main\AndroidManifest.xml:9:17-77
	android:name
		ADDED from src\main\AndroidManifest.xml:9:27-74
intent-filter#android.intent.action.VIEW+android.intent.category.BROWSABLE+android.intent.category.DEFAULT
ADDED from src\main\AndroidManifest.xml:11:13-16:29
action#android.intent.action.VIEW
ADDED from src\main\AndroidManifest.xml:12:17-69
	android:name
		ADDED from src\main\AndroidManifest.xml:12:25-66
category#android.intent.category.DEFAULT
ADDED from src\main\AndroidManifest.xml:13:17-76
	android:name
		ADDED from src\main\AndroidManifest.xml:13:27-73
category#android.intent.category.BROWSABLE
ADDED from src\main\AndroidManifest.xml:14:17-78
	android:name
		ADDED from src\main\AndroidManifest.xml:14:27-75
data
ADDED from src\main\AndroidManifest.xml:15:17-48
	android:host
		ADDED from src\main\AndroidManifest.xml:21:23-39
	android:scheme
		ADDED from src\main\AndroidManifest.xml:15:23-45
	android:pathPrefix
		ADDED from src\main\AndroidManifest.xml:21:40-62
activity#com.google.zxing.client.android.CaptureActivity
ADDED from src\main\AndroidManifest.xml:27:9-311
	android:clearTaskOnLaunch
		ADDED from src\main\AndroidManifest.xml:27:19-51
	android:windowSoftInputMode
		ADDED from src\main\AndroidManifest.xml:27:261-308
	android:exported
		ADDED from src\main\AndroidManifest.xml:27:114-138
	android:configChanges
		ADDED from src\main\AndroidManifest.xml:27:52-113
	android:theme
		ADDED from src\main\AndroidManifest.xml:27:202-260
	android:name
		ADDED from src\main\AndroidManifest.xml:27:139-201
activity#com.google.zxing.client.android.encode.EncodeActivity
ADDED from src\main\AndroidManifest.xml:28:9-112
	android:label
		ADDED from src\main\AndroidManifest.xml:28:19-40
	android:name
		ADDED from src\main\AndroidManifest.xml:28:41-109
uses-sdk
ADDED from src\main\AndroidManifest.xml:30:5-74
MERGED from [:barcodescanner-release-2.1.5:] AndroidManifest.xml:7:5-9:41
MERGED from [:barcodescanner-release-2.1.5:] AndroidManifest.xml:7:5-9:41
MERGED from [com.android.support:support-v4:27.1.1] AndroidManifest.xml:20:5-44
MERGED from [com.android.support:support-v4:27.1.1] AndroidManifest.xml:20:5-44
MERGED from [:CordovaLib] AndroidManifest.xml:25:5-44
MERGED from [:CordovaLib] AndroidManifest.xml:25:5-44
MERGED from [com.android.support:support-media-compat:27.1.1] AndroidManifest.xml:20:5-44
MERGED from [com.android.support:support-media-compat:27.1.1] AndroidManifest.xml:20:5-44
MERGED from [com.android.support:support-fragment:27.1.1] AndroidManifest.xml:20:5-44
MERGED from [com.android.support:support-fragment:27.1.1] AndroidManifest.xml:20:5-44
MERGED from [com.android.support:support-core-ui:27.1.1] AndroidManifest.xml:20:5-44
MERGED from [com.android.support:support-core-ui:27.1.1] AndroidManifest.xml:20:5-44
MERGED from [com.android.support:support-core-utils:27.1.1] AndroidManifest.xml:20:5-44
MERGED from [com.android.support:support-core-utils:27.1.1] AndroidManifest.xml:20:5-44
MERGED from [com.android.support:support-compat:27.1.1] AndroidManifest.xml:20:5-44
MERGED from [com.android.support:support-compat:27.1.1] AndroidManifest.xml:20:5-44
MERGED from [android.arch.lifecycle:runtime:1.1.0] AndroidManifest.xml:20:5-44
MERGED from [android.arch.lifecycle:runtime:1.1.0] AndroidManifest.xml:20:5-44
MERGED from [android.arch.lifecycle:livedata-core:1.1.0] AndroidManifest.xml:20:5-44
MERGED from [android.arch.lifecycle:livedata-core:1.1.0] AndroidManifest.xml:20:5-44
MERGED from [android.arch.lifecycle:viewmodel:1.1.0] AndroidManifest.xml:20:5-44
MERGED from [android.arch.lifecycle:viewmodel:1.1.0] AndroidManifest.xml:20:5-44
MERGED from [android.arch.core:runtime:1.1.0] AndroidManifest.xml:20:5-44
MERGED from [android.arch.core:runtime:1.1.0] AndroidManifest.xml:20:5-44
	android:targetSdkVersion
		ADDED from src\main\AndroidManifest.xml:30:42-71
	android:minSdkVersion
		ADDED from src\main\AndroidManifest.xml:30:15-41
uses-permission#android.permission.WRITE_EXTERNAL_STORAGE
ADDED from src\main\AndroidManifest.xml:31:5-81
	android:name
		ADDED from src\main\AndroidManifest.xml:31:22-78
uses-permission#android.permission.ACCESS_COARSE_LOCATION
ADDED from src\main\AndroidManifest.xml:32:5-81
	android:name
		ADDED from src\main\AndroidManifest.xml:32:22-78
uses-permission#android.permission.ACCESS_FINE_LOCATION
ADDED from src\main\AndroidManifest.xml:33:5-79
	android:name
		ADDED from src\main\AndroidManifest.xml:33:22-76
uses-feature#android.hardware.location.gps
ADDED from src\main\AndroidManifest.xml:34:5-66
	android:name
		ADDED from src\main\AndroidManifest.xml:34:19-63
uses-permission#android.permission.ACCESS_NETWORK_STATE
ADDED from src\main\AndroidManifest.xml:35:5-79
	android:name
		ADDED from src\main\AndroidManifest.xml:35:22-76
uses-permission#android.permission.VIBRATE
ADDED from src\main\AndroidManifest.xml:36:5-66
	android:name
		ADDED from src\main\AndroidManifest.xml:36:22-63
uses-permission#android.permission.RECORD_AUDIO
ADDED from src\main\AndroidManifest.xml:37:5-71
	android:name
		ADDED from src\main\AndroidManifest.xml:37:22-68
uses-permission#android.permission.RECORD_VIDEO
ADDED from src\main\AndroidManifest.xml:38:5-71
	android:name
		ADDED from src\main\AndroidManifest.xml:38:22-68
uses-permission#android.permission.READ_EXTERNAL_STORAGE
ADDED from src\main\AndroidManifest.xml:39:5-80
	android:name
		ADDED from src\main\AndroidManifest.xml:39:22-77
uses-permission#android.permission.CAMERA
ADDED from src\main\AndroidManifest.xml:40:5-65
	android:name
		ADDED from src\main\AndroidManifest.xml:40:22-62
uses-permission#android.permission.FLASHLIGHT
ADDED from src\main\AndroidManifest.xml:41:5-69
	android:name
		ADDED from src\main\AndroidManifest.xml:41:22-66
uses-feature#android.hardware.camera
ADDED from src\main\AndroidManifest.xml:42:5-84
	android:required
		ADDED from src\main\AndroidManifest.xml:42:58-81
	android:name
		ADDED from src\main\AndroidManifest.xml:42:19-57
meta-data#android.support.FILE_PROVIDER_PATHS
ADDED from src\main\AndroidManifest.xml:25:13-116
	android:resource
		ADDED from src\main\AndroidManifest.xml:25:75-113
	android:name
		ADDED from src\main\AndroidManifest.xml:25:24-74